七月 01, 2018 10:52:46 上午 org.apache.catalina.startup.VersionLoggerListener log
信息: Server version:        Apache Tomcat/7.0.85
七月 01, 2018 10:52:46 上午 org.apache.catalina.startup.VersionLoggerListener log
信息: Server built:          Feb 7 2018 18:52:33 UTC
七月 01, 2018 10:52:46 上午 org.apache.catalina.startup.VersionLoggerListener log
信息: Server number:         7.0.85.0
七月 01, 2018 10:52:46 上午 org.apache.catalina.startup.VersionLoggerListener log
信息: OS Name:               Windows 8
七月 01, 2018 10:52:46 上午 org.apache.catalina.startup.VersionLoggerListener log
信息: OS Version:            6.2
七月 01, 2018 10:52:46 上午 org.apache.catalina.startup.VersionLoggerListener log
信息: Architecture:          x86
七月 01, 2018 10:52:46 上午 org.apache.catalina.startup.VersionLoggerListener log
信息: Java Home:             C:\Program Files (x86)\Java\jdk1.7.0_45\jre
七月 01, 2018 10:52:46 上午 org.apache.catalina.startup.VersionLoggerListener log
信息: JVM Version:           1.7.0_45-b18
七月 01, 2018 10:52:46 上午 org.apache.catalina.startup.VersionLoggerListener log
信息: JVM Vendor:            Oracle Corporation
七月 01, 2018 10:52:46 上午 org.apache.catalina.startup.VersionLoggerListener log
信息: CATALINA_BASE:         H:\tomcat\apache-tomcat-7.0.85-windows-x64\apache-tomcat-7.0.85
七月 01, 2018 10:52:46 上午 org.apache.catalina.startup.VersionLoggerListener log
信息: CATALINA_HOME:         H:\tomcat\apache-tomcat-7.0.85-windows-x64\apache-tomcat-7.0.85
七月 01, 2018 10:52:46 上午 org.apache.catalina.startup.VersionLoggerListener log
信息: Command line argument: -Djava.util.logging.config.file=H:\tomcat\apache-tomcat-7.0.85-windows-x64\apache-tomcat-7.0.85\conf\logging.properties
七月 01, 2018 10:52:46 上午 org.apache.catalina.startup.VersionLoggerListener log
信息: Command line argument: -Djava.util.logging.manager=org.apache.juli.ClassLoaderLogManager
七月 01, 2018 10:52:46 上午 org.apache.catalina.startup.VersionLoggerListener log
信息: Command line argument: -Djdk.tls.ephemeralDHKeySize=2048
七月 01, 2018 10:52:46 上午 org.apache.catalina.startup.VersionLoggerListener log
信息: Command line argument: -Dignore.endorsed.dirs=
七月 01, 2018 10:52:46 上午 org.apache.catalina.startup.VersionLoggerListener log
信息: Command line argument: -Dcatalina.base=H:\tomcat\apache-tomcat-7.0.85-windows-x64\apache-tomcat-7.0.85
七月 01, 2018 10:52:46 上午 org.apache.catalina.startup.VersionLoggerListener log
信息: Command line argument: -Dcatalina.home=H:\tomcat\apache-tomcat-7.0.85-windows-x64\apache-tomcat-7.0.85
七月 01, 2018 10:52:46 上午 org.apache.catalina.startup.VersionLoggerListener log
信息: Command line argument: -Djava.io.tmpdir=H:\tomcat\apache-tomcat-7.0.85-windows-x64\apache-tomcat-7.0.85\temp
七月 01, 2018 10:52:46 上午 org.apache.catalina.core.AprLifecycleListener lifecycleEvent
信息: The APR based Apache Tomcat Native library which allows optimal performance in production environments was not found on the java.library.path: C:\Program Files (x86)\Java\jdk1.7.0_45\bin;C:\WINDOWS\Sun\Java\bin;C:\WINDOWS\system32;C:\WINDOWS;C:\WINDOWS\system32;C:\WINDOWS;C:\WINDOWS\System32\Wbem;C:\WINDOWS\System32\WindowsPowerShell\v1.0\;.;C:\Program Files (x86)\Java\jdk1.7.0_45\bin;C:\Program Files (x86)\Java\jdk1.7.0_45\jre\bin;C:\Program Files (x86)\DTS\DTS\DTSCPP\vc98\Bin;C:\Program Files (x86)\DTS\DTS\DTSGCC\cygwin\bin;C:\Program Files (x86)\DTS\DTS\DTSGCC\include;E:\Python36;E:\Matlab\runtime\win64;E:\Matlab\bin\win32;E:\Matlab\v84\runtime\win64;E:\Matlab\bin;C:\Program Files\Microsoft SQL Server\130\Tools\Binn\;C:\Users\lsc\Downloads\apache-ant-1.10.1-bin\apache-ant-1.10.1\bin;E:\libsvm-3.0\python;C:\Program Files\MySQL\MySQL Server 5.5\bin;c:\windows\system32;C:\WINDOWS\System32\OpenSSH\;H:\tomcat\apache-tomcat-7.0.85-windows-x64\apache-tomcat-7.0.85\bin;E:\vs2017\VC\Tools\MSVC\14.14.26428\bin\Hostx86\x86;E:\Python36\Scripts\;E:\Python36\;%USERPROFILE%\AppData\Local\Microsoft\WindowsApps;;.
七月 01, 2018 10:52:46 上午 org.apache.coyote.AbstractProtocol init
信息: Initializing ProtocolHandler ["http-bio-8080"]
七月 01, 2018 10:52:46 上午 org.apache.coyote.AbstractProtocol init
信息: Initializing ProtocolHandler ["ajp-bio-8009"]
七月 01, 2018 10:52:46 上午 org.apache.catalina.startup.Catalina load
信息: Initialization processed in 383 ms
七月 01, 2018 10:52:46 上午 org.apache.catalina.core.StandardService startInternal
信息: Starting service Catalina
七月 01, 2018 10:52:46 上午 org.apache.catalina.core.StandardEngine startInternal
信息: Starting Servlet Engine: Apache Tomcat/7.0.85
七月 01, 2018 10:52:46 上午 org.apache.catalina.startup.HostConfig deployDirectory
信息: Deploying web application directory H:\tomcat\apache-tomcat-7.0.85-windows-x64\apache-tomcat-7.0.85\webapps\docs
七月 01, 2018 10:52:46 上午 org.apache.catalina.startup.HostConfig deployDirectory
信息: Deployment of web application directory H:\tomcat\apache-tomcat-7.0.85-windows-x64\apache-tomcat-7.0.85\webapps\docs has finished in 224 ms
七月 01, 2018 10:52:46 上午 org.apache.catalina.startup.HostConfig deployDirectory
信息: Deploying web application directory H:\tomcat\apache-tomcat-7.0.85-windows-x64\apache-tomcat-7.0.85\webapps\examples
七月 01, 2018 10:52:46 上午 org.apache.catalina.startup.HostConfig deployDirectory
信息: Deployment of web application directory H:\tomcat\apache-tomcat-7.0.85-windows-x64\apache-tomcat-7.0.85\webapps\examples has finished in 178 ms
七月 01, 2018 10:52:46 上午 org.apache.catalina.startup.HostConfig deployDirectory
信息: Deploying web application directory H:\tomcat\apache-tomcat-7.0.85-windows-x64\apache-tomcat-7.0.85\webapps\host-manager
七月 01, 2018 10:52:47 上午 org.apache.catalina.startup.HostConfig deployDirectory
信息: Deployment of web application directory H:\tomcat\apache-tomcat-7.0.85-windows-x64\apache-tomcat-7.0.85\webapps\host-manager has finished in 100 ms
七月 01, 2018 10:52:47 上午 org.apache.catalina.startup.HostConfig deployDirectory
信息: Deploying web application directory H:\tomcat\apache-tomcat-7.0.85-windows-x64\apache-tomcat-7.0.85\webapps\manager
七月 01, 2018 10:52:47 上午 org.apache.catalina.startup.HostConfig deployDirectory
信息: Deployment of web application directory H:\tomcat\apache-tomcat-7.0.85-windows-x64\apache-tomcat-7.0.85\webapps\manager has finished in 45 ms
七月 01, 2018 10:52:47 上午 org.apache.catalina.startup.HostConfig deployDirectory
信息: Deploying web application directory H:\tomcat\apache-tomcat-7.0.85-windows-x64\apache-tomcat-7.0.85\webapps\ROOT
七月 01, 2018 10:52:47 上午 org.apache.catalina.startup.HostConfig deployDirectory
信息: Deployment of web application directory H:\tomcat\apache-tomcat-7.0.85-windows-x64\apache-tomcat-7.0.85\webapps\ROOT has finished in 36 ms
七月 01, 2018 10:52:47 上午 org.apache.coyote.AbstractProtocol start
信息: Starting ProtocolHandler ["http-bio-8080"]
七月 01, 2018 10:52:47 上午 org.apache.coyote.AbstractProtocol start
信息: Starting ProtocolHandler ["ajp-bio-8009"]
七月 01, 2018 10:52:47 上午 org.apache.catalina.startup.Catalina start
信息: Server startup in 622 ms
